1610526003377	geckodriver	INFO	Listening on 127.0.0.1:50091
1610526003380	mozrunner::runner	INFO	Running command: "/usr/bin/firefox" "--marionette" "-foreground" "-no-remote" "-profile" "/tmp/rust_mozprofilexwzVcs"
console.warn: SearchSettings: "get: No settings file exists, new profile?" (new Error("", "(unknown module)"))
1610526004888	Marionette	INFO	Listening on port 39389
1610526005031	Marionette	WARN	TLS certificate errors will be ignored for this session
1610526016712	geckodriver	INFO	Listening on 127.0.0.1:50305
1610526016715	mozrunner::runner	INFO	Running command: "/usr/bin/firefox" "--marionette" "-foreground" "-no-remote" "-profile" "/tmp/rust_mozprofileridUaw"
console.warn: SearchSettings: "get: No settings file exists, new profile?" (new Error("", "(unknown module)"))
1610526018261	Marionette	INFO	Listening on port 41285
1610526018364	Marionette	WARN	TLS certificate errors will be ignored for this session
1610526026404	Marionette	INFO	Stopped listening on port 41285
1610526027186	Marionette	INFO	Stopped listening on port 39389
1610526171232	geckodriver	INFO	Listening on 127.0.0.1:41093
1610526171235	mozrunner::runner	INFO	Running command: "/usr/bin/firefox" "--marionette" "-foreground" "-no-remote" "-profile" "/tmp/rust_mozprofile9putBf"
console.warn: SearchSettings: "get: No settings file exists, new profile?" (new Error("", "(unknown module)"))
1610526172781	Marionette	INFO	Listening on port 45273
1610526172859	Marionette	WARN	TLS certificate errors will be ignored for this session
IPDL protocol error: Handler returned error code!

###!!! [Parent][DispatchAsyncMessage] Error: PLayerTransaction::Msg_ReleaseLayer Processing error: message was deserialized, but the handler returned false (indicating failure)

IPDL protocol error: Handler returned error code!

###!!! [Parent][DispatchAsyncMessage] Error: PLayerTransaction::Msg_ReleaseLayer Processing error: message was deserialized, but the handler returned false (indicating failure)

IPDL protocol error: Handler returned error code!

###!!! [Parent][DispatchAsyncMessage] Error: PLayerTransaction::Msg_ReleaseLayer Processing error: message was deserialized, but the handler returned false (indicating failure)

1610526184407	Marionette	INFO	Stopped listening on port 45273

###!!! [Parent][RunMessage] Error: Channel closing: too late to send/recv, messages will be lost

1610526245955	geckodriver	INFO	Listening on 127.0.0.1:40803
1610526245958	mozrunner::runner	INFO	Running command: "/usr/bin/firefox" "--marionette" "-foreground" "-no-remote" "-profile" "/tmp/rust_mozprofileUo1xPR"
console.warn: SearchSettings: "get: No settings file exists, new profile?" (new Error("", "(unknown module)"))
1610526247403	Marionette	INFO	Listening on port 38819
1610526247494	Marionette	WARN	TLS certificate errors will be ignored for this session
1610526254018	Marionette	INFO	Stopped listening on port 38819
1610526762528	geckodriver	INFO	Listening on 127.0.0.1:37785
1610526762531	mozrunner::runner	INFO	Running command: "/usr/bin/firefox" "--marionette" "-foreground" "-no-remote" "-profile" "/tmp/rust_mozprofileXsfRUo"
console.warn: SearchSettings: "get: No settings file exists, new profile?" (new Error("", "(unknown module)"))
1610526763961	Marionette	INFO	Listening on port 41833
1610526764049	Marionette	WARN	TLS certificate errors will be ignored for this session
1610526842385	Marionette	INFO	Stopped listening on port 41833
1610526883232	geckodriver	INFO	Listening on 127.0.0.1:33529
1610526883235	mozrunner::runner	INFO	Running command: "/usr/bin/firefox" "--marionette" "-foreground" "-no-remote" "-profile" "/tmp/rust_mozprofiles7ixz3"
console.warn: SearchSettings: "get: No settings file exists, new profile?" (new Error("", "(unknown module)"))
1610526884655	Marionette	INFO	Listening on port 32861
1610526884757	Marionette	WARN	TLS certificate errors will be ignored for this session
1610526899585	Marionette	INFO	Stopped listening on port 32861
IPDL protocol error: Handler returned error code!

###!!! [Parent][DispatchAsyncMessage] Error: PLayerTransaction::Msg_ReleaseLayer Processing error: message was deserialized, but the handler returned false (indicating failure)

IPDL protocol error: Handler returned error code!

###!!! [Parent][DispatchAsyncMessage] Error: PLayerTransaction::Msg_ReleaseLayer Processing error: message was deserialized, but the handler returned false (indicating failure)

IPDL protocol error: Handler returned error code!

###!!! [Parent][DispatchAsyncMessage] Error: PLayerTransaction::Msg_ReleaseLayer Processing error: message was deserialized, but the handler returned false (indicating failure)

1610527365147	geckodriver	INFO	Listening on 127.0.0.1:59997
1610527365150	mozrunner::runner	INFO	Running command: "/usr/bin/firefox" "--marionette" "-foreground" "-no-remote" "-profile" "/tmp/rust_mozprofileopSJWN"
console.warn: SearchSettings: "get: No settings file exists, new profile?" (new Error("", "(unknown module)"))
1610527366576	Marionette	INFO	Listening on port 40381
1610527366667	Marionette	WARN	TLS certificate errors will be ignored for this session
1610527372966	Marionette	INFO	Stopped listening on port 40381
1610530077013	geckodriver	INFO	Listening on 127.0.0.1:42059
1610530077016	mozrunner::runner	INFO	Running command: "/usr/bin/firefox" "--marionette" "-foreground" "-no-remote" "-profile" "/tmp/rust_mozprofileigKkim"
console.warn: SearchSettings: "get: No settings file exists, new profile?" (new Error("", "(unknown module)"))
1610530078464	Marionette	INFO	Listening on port 38911
1610530078554	Marionette	WARN	TLS certificate errors will be ignored for this session
JavaScript warning: https://www.redditstatic.com/reddit-init.en.GupZl5j-nnU.js, line 8: WebGL warning: <Create>: WebglAllowWindowsNativeGl:false restricts context creation on this system.
JavaScript warning: https://www.redditstatic.com/reddit-init.en.GupZl5j-nnU.js, line 8: Failed to create WebGL context: WebGL creation failed: 
* WebglAllowWindowsNativeGl:false restricts context creation on this system.
* Exhausted GL driver options.
JavaScript warning: https://www.redditstatic.com/reddit-init.en.GupZl5j-nnU.js, line 8: WebGL warning: <Create>: WebglAllowWindowsNativeGl:false restricts context creation on this system.
JavaScript warning: https://www.redditstatic.com/reddit-init.en.GupZl5j-nnU.js, line 8: Failed to create WebGL context: WebGL creation failed: 
* WebglAllowWindowsNativeGl:false restricts context creation on this system.
* Exhausted GL driver options.
1610530084677	Marionette	INFO	Stopped listening on port 38911
1610530179421	geckodriver	INFO	Listening on 127.0.0.1:56635
1610530179424	mozrunner::runner	INFO	Running command: "/usr/bin/firefox" "--marionette" "-foreground" "-no-remote" "-profile" "/tmp/rust_mozprofileDTMFCR"
console.warn: SearchSettings: "get: No settings file exists, new profile?" (new Error("", "(unknown module)"))
1610530180935	Marionette	INFO	Listening on port 45221
1610530181074	Marionette	WARN	TLS certificate errors will be ignored for this session
JavaScript warning: https://www.redditstatic.com/reddit-init.en.GupZl5j-nnU.js, line 8: WebGL warning: <Create>: WebglAllowWindowsNativeGl:false restricts context creation on this system.
JavaScript warning: https://www.redditstatic.com/reddit-init.en.GupZl5j-nnU.js, line 8: Failed to create WebGL context: WebGL creation failed: 
* WebglAllowWindowsNativeGl:false restricts context creation on this system.
* Exhausted GL driver options.
JavaScript warning: https://www.redditstatic.com/reddit-init.en.GupZl5j-nnU.js, line 8: WebGL warning: <Create>: WebglAllowWindowsNativeGl:false restricts context creation on this system.
JavaScript warning: https://www.redditstatic.com/reddit-init.en.GupZl5j-nnU.js, line 8: Failed to create WebGL context: WebGL creation failed: 
* WebglAllowWindowsNativeGl:false restricts context creation on this system.
* Exhausted GL driver options.
1610530187208	Marionette	INFO	Stopped listening on port 45221
1610530316077	geckodriver	INFO	Listening on 127.0.0.1:47853
1610530316080	mozrunner::runner	INFO	Running command: "/usr/bin/firefox" "--marionette" "-foreground" "-no-remote" "-profile" "/tmp/rust_mozprofile9scGYu"
console.warn: SearchSettings: "get: No settings file exists, new profile?" (new Error("", "(unknown module)"))
1610530317518	Marionette	INFO	Listening on port 36285
1610530317599	Marionette	WARN	TLS certificate errors will be ignored for this session
JavaScript warning: https://www.redditstatic.com/reddit-init.en.GupZl5j-nnU.js, line 8: WebGL warning: <Create>: WebglAllowWindowsNativeGl:false restricts context creation on this system.
JavaScript warning: https://www.redditstatic.com/reddit-init.en.GupZl5j-nnU.js, line 8: Failed to create WebGL context: WebGL creation failed: 
* WebglAllowWindowsNativeGl:false restricts context creation on this system.
* Exhausted GL driver options.
JavaScript warning: https://www.redditstatic.com/reddit-init.en.GupZl5j-nnU.js, line 8: WebGL warning: <Create>: WebglAllowWindowsNativeGl:false restricts context creation on this system.
JavaScript warning: https://www.redditstatic.com/reddit-init.en.GupZl5j-nnU.js, line 8: Failed to create WebGL context: WebGL creation failed: 
* WebglAllowWindowsNativeGl:false restricts context creation on this system.
* Exhausted GL driver options.
1610530323455	Marionette	INFO	Stopped listening on port 36285
1610530540923	geckodriver	INFO	Listening on 127.0.0.1:51921
1610530540926	mozrunner::runner	INFO	Running command: "/usr/bin/firefox" "--marionette" "-foreground" "-no-remote" "-profile" "/tmp/rust_mozprofileOgSaoB"
console.warn: SearchSettings: "get: No settings file exists, new profile?" (new Error("", "(unknown module)"))
1610530542516	Marionette	INFO	Listening on port 34707
1610530542544	Marionette	WARN	TLS certificate errors will be ignored for this session
JavaScript warning: https://www.redditstatic.com/reddit-init.en.GupZl5j-nnU.js, line 8: WebGL warning: <Create>: WebglAllowWindowsNativeGl:false restricts context creation on this system.
JavaScript warning: https://www.redditstatic.com/reddit-init.en.GupZl5j-nnU.js, line 8: Failed to create WebGL context: WebGL creation failed: 
* WebglAllowWindowsNativeGl:false restricts context creation on this system.
* Exhausted GL driver options.
JavaScript warning: https://www.redditstatic.com/reddit-init.en.GupZl5j-nnU.js, line 8: WebGL warning: <Create>: WebglAllowWindowsNativeGl:false restricts context creation on this system.
JavaScript warning: https://www.redditstatic.com/reddit-init.en.GupZl5j-nnU.js, line 8: Failed to create WebGL context: WebGL creation failed: 
* WebglAllowWindowsNativeGl:false restricts context creation on this system.
* Exhausted GL driver options.
1610530548581	Marionette	INFO	Stopped listening on port 34707
1610530565006	geckodriver	INFO	Listening on 127.0.0.1:47399
1610530565009	mozrunner::runner	INFO	Running command: "/usr/bin/firefox" "--marionette" "-foreground" "-no-remote" "-profile" "/tmp/rust_mozprofilegu3oR3"
console.warn: SearchSettings: "get: No settings file exists, new profile?" (new Error("", "(unknown module)"))
1610530566500	Marionette	INFO	Listening on port 33469
1610530566530	Marionette	WARN	TLS certificate errors will be ignored for this session
JavaScript warning: https://www.redditstatic.com/reddit-init.en.GupZl5j-nnU.js, line 8: WebGL warning: <Create>: WebglAllowWindowsNativeGl:false restricts context creation on this system.
JavaScript warning: https://www.redditstatic.com/reddit-init.en.GupZl5j-nnU.js, line 8: Failed to create WebGL context: WebGL creation failed: 
* WebglAllowWindowsNativeGl:false restricts context creation on this system.
* Exhausted GL driver options.
JavaScript warning: https://www.redditstatic.com/reddit-init.en.GupZl5j-nnU.js, line 8: WebGL warning: <Create>: WebglAllowWindowsNativeGl:false restricts context creation on this system.
JavaScript warning: https://www.redditstatic.com/reddit-init.en.GupZl5j-nnU.js, line 8: Failed to create WebGL context: WebGL creation failed: 
* WebglAllowWindowsNativeGl:false restricts context creation on this system.
* Exhausted GL driver options.
1610530604679	Marionette	INFO	Stopped listening on port 33469
IPDL protocol error: Handler returned error code!

###!!! [Parent][DispatchAsyncMessage] Error: PLayerTransaction::Msg_ReleaseLayer Processing error: message was deserialized, but the handler returned false (indicating failure)

IPDL protocol error: Handler returned error code!

###!!! [Parent][DispatchAsyncMessage] Error: PLayerTransaction::Msg_ReleaseLayer Processing error: message was deserialized, but the handler returned false (indicating failure)

IPDL protocol error: Handler returned error code!

###!!! [Parent][DispatchAsyncMessage] Error: PLayerTransaction::Msg_ReleaseLayer Processing error: message was deserialized, but the handler returned false (indicating failure)

IPDL protocol error: Handler returned error code!

###!!! [Parent][DispatchAsyncMessage] Error: PLayerTransaction::Msg_ReleaseLayer Processing error: message was deserialized, but the handler returned false (indicating failure)

IPDL protocol error: Handler returned error code!

###!!! [Parent][DispatchAsyncMessage] Error: PLayerTransaction::Msg_ReleaseLayer Processing error: message was deserialized, but the handler returned false (indicating failure)

IPDL protocol error: Handler returned error code!

###!!! [Parent][DispatchAsyncMessage] Error: PLayerTransaction::Msg_ReleaseLayer Processing error: message was deserialized, but the handler returned false (indicating failure)

IPDL protocol error: Handler returned error code!

###!!! [Parent][DispatchAsyncMessage] Error: PLayerTransaction::Msg_ReleaseLayer Processing error: message was deserialized, but the handler returned false (indicating failure)

IPDL protocol error: Handler returned error code!

###!!! [Parent][DispatchAsyncMessage] Error: PLayerTransaction::Msg_ReleaseLayer Processing error: message was deserialized, but the handler returned false (indicating failure)

1610530672664	geckodriver	INFO	Listening on 127.0.0.1:45089
1610530672667	mozrunner::runner	INFO	Running command: "/usr/bin/firefox" "--marionette" "-foreground" "-no-remote" "-profile" "/tmp/rust_mozprofileBUITB1"
console.warn: SearchSettings: "get: No settings file exists, new profile?" (new Error("", "(unknown module)"))
1610530674217	Marionette	INFO	Listening on port 35591
1610530674289	Marionette	WARN	TLS certificate errors will be ignored for this session
JavaScript warning: https://www.redditstatic.com/reddit-init.en.GupZl5j-nnU.js, line 8: WebGL warning: <Create>: WebglAllowWindowsNativeGl:false restricts context creation on this system.
JavaScript warning: https://www.redditstatic.com/reddit-init.en.GupZl5j-nnU.js, line 8: Failed to create WebGL context: WebGL creation failed: 
* WebglAllowWindowsNativeGl:false restricts context creation on this system.
* Exhausted GL driver options.
JavaScript warning: https://www.redditstatic.com/reddit-init.en.GupZl5j-nnU.js, line 8: WebGL warning: <Create>: WebglAllowWindowsNativeGl:false restricts context creation on this system.
JavaScript warning: https://www.redditstatic.com/reddit-init.en.GupZl5j-nnU.js, line 8: Failed to create WebGL context: WebGL creation failed: 
* WebglAllowWindowsNativeGl:false restricts context creation on this system.
* Exhausted GL driver options.
1610530712371	Marionette	INFO	Stopped listening on port 35591
IPDL protocol error: Handler returned error code!

###!!! [Parent][DispatchAsyncMessage] Error: PLayerTransaction::Msg_ReleaseLayer Processing error: message was deserialized, but the handler returned false (indicating failure)

IPDL protocol error: Handler returned error code!

###!!! [Parent][DispatchAsyncMessage] Error: PLayerTransaction::Msg_ReleaseLayer Processing error: message was deserialized, but the handler returned false (indicating failure)

IPDL protocol error: Handler returned error code!

###!!! [Parent][DispatchAsyncMessage] Error: PLayerTransaction::Msg_ReleaseLayer Processing error: message was deserialized, but the handler returned false (indicating failure)

IPDL protocol error: Handler returned error code!

###!!! [Parent][DispatchAsyncMessage] Error: PLayerTransaction::Msg_ReleaseLayer Processing error: message was deserialized, but the handler returned false (indicating failure)

IPDL protocol error: Handler returned error code!

###!!! [Parent][DispatchAsyncMessage] Error: PLayerTransaction::Msg_ReleaseLayer Processing error: message was deserialized, but the handler returned false (indicating failure)

IPDL protocol error: Handler returned error code!

###!!! [Parent][DispatchAsyncMessage] Error: PLayerTransaction::Msg_ReleaseLayer Processing error: message was deserialized, but the handler returned false (indicating failure)

IPDL protocol error: Handler returned error code!

###!!! [Parent][DispatchAsyncMessage] Error: PLayerTransaction::Msg_ReleaseLayer Processing error: message was deserialized, but the handler returned false (indicating failure)

IPDL protocol error: Handler returned error code!

###!!! [Parent][DispatchAsyncMessage] Error: PLayerTransaction::Msg_ReleaseLayer Processing error: message was deserialized, but the handler returned false (indicating failure)

1610530735495	geckodriver	INFO	Listening on 127.0.0.1:53311
1610530735498	mozrunner::runner	INFO	Running command: "/usr/bin/firefox" "--marionette" "-foreground" "-no-remote" "-profile" "/tmp/rust_mozprofile4ekR9T"
console.warn: SearchSettings: "get: No settings file exists, new profile?" (new Error("", "(unknown module)"))
1610530737134	Marionette	INFO	Listening on port 39547
1610530737253	Marionette	WARN	TLS certificate errors will be ignored for this session
JavaScript warning: https://www.redditstatic.com/reddit-init.en.GupZl5j-nnU.js, line 8: WebGL warning: <Create>: WebglAllowWindowsNativeGl:false restricts context creation on this system.
JavaScript warning: https://www.redditstatic.com/reddit-init.en.GupZl5j-nnU.js, line 8: Failed to create WebGL context: WebGL creation failed: 
* WebglAllowWindowsNativeGl:false restricts context creation on this system.
* Exhausted GL driver options.
JavaScript warning: https://www.redditstatic.com/reddit-init.en.GupZl5j-nnU.js, line 8: WebGL warning: <Create>: WebglAllowWindowsNativeGl:false restricts context creation on this system.
JavaScript warning: https://www.redditstatic.com/reddit-init.en.GupZl5j-nnU.js, line 8: Failed to create WebGL context: WebGL creation failed: 
* WebglAllowWindowsNativeGl:false restricts context creation on this system.
* Exhausted GL driver options.
JavaScript error: , line 0: NotFoundError: No such JSWindowActor 'MarionetteEvents'
JavaScript error: , line 0: NotFoundError: No such JSWindowActor 'MarionetteEvents'
JavaScript warning: https://pagead2.googlesyndication.com/bg/sAPN9AXTwl_YEu8LetItynMVBRyeAiR5EyibCTdPF1Q.js line 1 > eval line 1253 > eval line 1 > eval, line 1: WebGL warning: <Create>: WebglAllowWindowsNativeGl:false restricts context creation on this system.
JavaScript warning: https://pagead2.googlesyndication.com/bg/sAPN9AXTwl_YEu8LetItynMVBRyeAiR5EyibCTdPF1Q.js line 1 > eval line 1253 > eval line 1 > eval, line 1: Failed to create WebGL context: WebGL creation failed: 
* WebglAllowWindowsNativeGl:false restricts context creation on this system.
* Exhausted GL driver options.
JavaScript warning: https://pagead2.googlesyndication.com/bg/7JZ2fmCMVOl0vw20xI3AsjDeeds-Si0AsriAJ95C_5g.js line 1 > eval line 1503 > eval, line 1: WebGL warning: <Create>: WebglAllowWindowsNativeGl:false restricts context creation on this system.
JavaScript warning: https://pagead2.googlesyndication.com/bg/7JZ2fmCMVOl0vw20xI3AsjDeeds-Si0AsriAJ95C_5g.js line 1 > eval line 1503 > eval, line 1: Failed to create WebGL context: WebGL creation failed: 
* WebglAllowWindowsNativeGl:false restricts context creation on this system.
* Exhausted GL driver options.
JavaScript warning: https://pagead2.googlesyndication.com/bg/sAPN9AXTwl_YEu8LetItynMVBRyeAiR5EyibCTdPF1Q.js line 1 > eval line 1386 > eval, line 1: WebGL warning: <Create>: WebglAllowWindowsNativeGl:false restricts context creation on this system.
JavaScript warning: https://pagead2.googlesyndication.com/bg/sAPN9AXTwl_YEu8LetItynMVBRyeAiR5EyibCTdPF1Q.js line 1 > eval line 1386 > eval, line 1: Failed to create WebGL context: WebGL creation failed: 
* WebglAllowWindowsNativeGl:false restricts context creation on this system.
* Exhausted GL driver options.
1610530778728	Marionette	INFO	Stopped listening on port 39547
console.warn: "Async method failed in safeAsyncMethod" (new Error("Connection closed, pending request to server0.conn0.child3/customhighlighter82, type hide failed\n\nRequest stack:\nrequest@resource://devtools/shared/protocol/Front.js:288:14\ngenerateRequestMethods/</frontProto[name]@resource://devtools/shared/protocol/Front/FrontClassWithSpec.js:46:19\nhide@resource://devtools/client/fronts/highlighters.js:32:18\nexports.safeAsyncMethod/<@resource://devtools/shared/async-utils.js:57:25\nhideHighlighterType@resource://devtools/client/inspector/shared/highlighters-overlay.js:443:23\nexports.safeAsyncMethod/<@resource://devtools/shared/async-utils.js:57:25\n_hideBoxModel@resource://devtools/client/inspector/markup/markup.js:718:40\n_onMouseOut@resource://devtools/client/inspector/markup/markup.js:686:16\nobserve@resource://gre/modules/AsyncShutdown.jsm:573:16\nGeckoDriver.prototype.quit@chrome://marionette/content/driver.js:3602:20\ndespatch@chrome://marionette/content/server.js:297:40\nexecute@chrome://marionette/content/server.js:267:16\nonPacket/<@chrome://marionette/content/server.js:240:20\nonPacket@chrome://marionette/content/server.js:241:9\n_onJSONObjectReady/<@chrome://marionette/content/transport.js:504:20\n", "resource://devtools/shared/protocol/Front.js", 99))
IPDL protocol error: Handler returned error code!

###!!! [Parent][DispatchAsyncMessage] Error: PLayerTransaction::Msg_ReleaseLayer Processing error: message was deserialized, but the handler returned false (indicating failure)

IPDL protocol error: Handler returned error code!

###!!! [Parent][DispatchAsyncMessage] Error: PLayerTransaction::Msg_ReleaseLayer Processing error: message was deserialized, but the handler returned false (indicating failure)

IPDL protocol error: Handler returned error code!

###!!! [Parent][DispatchAsyncMessage] Error: PLayerTransaction::Msg_ReleaseLayer Processing error: message was deserialized, but the handler returned false (indicating failure)

IPDL protocol error: Handler returned error code!

###!!! [Parent][DispatchAsyncMessage] Error: PLayerTransaction::Msg_ReleaseLayer Processing error: message was deserialized, but the handler returned false (indicating failure)

IPDL protocol error: Handler returned error code!

###!!! [Parent][DispatchAsyncMessage] Error: PLayerTransaction::Msg_ReleaseLayer Processing error: message was deserialized, but the handler returned false (indicating failure)

IPDL protocol error: Handler returned error code!

###!!! [Parent][DispatchAsyncMessage] Error: PLayerTransaction::Msg_ReleaseLayer Processing error: message was deserialized, but the handler returned false (indicating failure)

IPDL protocol error: Handler returned error code!

###!!! [Parent][DispatchAsyncMessage] Error: PLayerTransaction::Msg_ReleaseLayer Processing error: message was deserialized, but the handler returned false (indicating failure)

IPDL protocol error: Handler returned error code!

###!!! [Parent][DispatchAsyncMessage] Error: PLayerTransaction::Msg_ReleaseLayer Processing error: message was deserialized, but the handler returned false (indicating failure)

1610530828286	geckodriver	INFO	Listening on 127.0.0.1:60507
1610530828289	mozrunner::runner	INFO	Running command: "/usr/bin/firefox" "--marionette" "-foreground" "-no-remote" "-profile" "/tmp/rust_mozprofileSWAMeU"
console.warn: SearchSettings: "get: No settings file exists, new profile?" (new Error("", "(unknown module)"))
1610530829839	Marionette	INFO	Listening on port 33865
1610530829910	Marionette	WARN	TLS certificate errors will be ignored for this session
JavaScript warning: https://www.redditstatic.com/reddit-init.en.GupZl5j-nnU.js, line 8: WebGL warning: <Create>: WebglAllowWindowsNativeGl:false restricts context creation on this system.
JavaScript warning: https://www.redditstatic.com/reddit-init.en.GupZl5j-nnU.js, line 8: Failed to create WebGL context: WebGL creation failed: 
* WebglAllowWindowsNativeGl:false restricts context creation on this system.
* Exhausted GL driver options.
JavaScript warning: https://www.redditstatic.com/reddit-init.en.GupZl5j-nnU.js, line 8: WebGL warning: <Create>: WebglAllowWindowsNativeGl:false restricts context creation on this system.
JavaScript warning: https://www.redditstatic.com/reddit-init.en.GupZl5j-nnU.js, line 8: Failed to create WebGL context: WebGL creation failed: 
* WebglAllowWindowsNativeGl:false restricts context creation on this system.
* Exhausted GL driver options.
1610530834189	Marionette	INFO	Stopped listening on port 33865
1610530850539	geckodriver	INFO	Listening on 127.0.0.1:49655
1610530850542	mozrunner::runner	INFO	Running command: "/usr/bin/firefox" "--marionette" "-foreground" "-no-remote" "-profile" "/tmp/rust_mozprofileOlVnwY"
console.warn: SearchSettings: "get: No settings file exists, new profile?" (new Error("", "(unknown module)"))
1610530851954	Marionette	INFO	Listening on port 39829
1610530852058	Marionette	WARN	TLS certificate errors will be ignored for this session
JavaScript warning: https://www.redditstatic.com/reddit-init.en.GupZl5j-nnU.js, line 8: WebGL warning: <Create>: WebglAllowWindowsNativeGl:false restricts context creation on this system.
JavaScript warning: https://www.redditstatic.com/reddit-init.en.GupZl5j-nnU.js, line 8: Failed to create WebGL context: WebGL creation failed: 
* WebglAllowWindowsNativeGl:false restricts context creation on this system.
* Exhausted GL driver options.
JavaScript warning: https://www.redditstatic.com/reddit-init.en.GupZl5j-nnU.js, line 8: WebGL warning: <Create>: WebglAllowWindowsNativeGl:false restricts context creation on this system.
JavaScript warning: https://www.redditstatic.com/reddit-init.en.GupZl5j-nnU.js, line 8: Failed to create WebGL context: WebGL creation failed: 
* WebglAllowWindowsNativeGl:false restricts context creation on this system.
* Exhausted GL driver options.
Exiting due to channel error.
Exiting due to channel error.
Exiting due to channel error.
1610530888721	geckodriver	INFO	Listening on 127.0.0.1:35699
1610530888724	mozrunner::runner	INFO	Running command: "/usr/bin/firefox" "--marionette" "-foreground" "-no-remote" "-profile" "/tmp/rust_mozprofileBshI6s"
console.warn: SearchSettings: "get: No settings file exists, new profile?" (new Error("", "(unknown module)"))
1610530890164	Marionette	INFO	Listening on port 41973
1610530890277	Marionette	WARN	TLS certificate errors will be ignored for this session
JavaScript warning: https://www.redditstatic.com/reddit-init.en.GupZl5j-nnU.js, line 8: WebGL warning: <Create>: WebglAllowWindowsNativeGl:false restricts context creation on this system.
JavaScript warning: https://www.redditstatic.com/reddit-init.en.GupZl5j-nnU.js, line 8: Failed to create WebGL context: WebGL creation failed: 
* WebglAllowWindowsNativeGl:false restricts context creation on this system.
* Exhausted GL driver options.
JavaScript warning: https://www.redditstatic.com/reddit-init.en.GupZl5j-nnU.js, line 8: WebGL warning: <Create>: WebglAllowWindowsNativeGl:false restricts context creation on this system.
JavaScript warning: https://www.redditstatic.com/reddit-init.en.GupZl5j-nnU.js, line 8: Failed to create WebGL context: WebGL creation failed: 
* WebglAllowWindowsNativeGl:false restricts context creation on this system.
* Exhausted GL driver options.
Exiting due to channel error.
Exiting due to channel error.
Exiting due to channel error.
1610531076872	geckodriver	INFO	Listening on 127.0.0.1:39821
1610531076875	mozrunner::runner	INFO	Running command: "/usr/bin/firefox" "--marionette" "-foreground" "-no-remote" "-profile" "/tmp/rust_mozprofilexActoJ"
console.warn: SearchSettings: "get: No settings file exists, new profile?" (new Error("", "(unknown module)"))
1610531078396	Marionette	INFO	Listening on port 43987
1610531078501	Marionette	WARN	TLS certificate errors will be ignored for this session
JavaScript warning: https://www.redditstatic.com/reddit-init.en.GupZl5j-nnU.js, line 8: WebGL warning: <Create>: WebglAllowWindowsNativeGl:false restricts context creation on this system.
JavaScript warning: https://www.redditstatic.com/reddit-init.en.GupZl5j-nnU.js, line 8: Failed to create WebGL context: WebGL creation failed: 
* WebglAllowWindowsNativeGl:false restricts context creation on this system.
* Exhausted GL driver options.
JavaScript warning: https://www.redditstatic.com/reddit-init.en.GupZl5j-nnU.js, line 8: WebGL warning: <Create>: WebglAllowWindowsNativeGl:false restricts context creation on this system.
JavaScript warning: https://www.redditstatic.com/reddit-init.en.GupZl5j-nnU.js, line 8: Failed to create WebGL context: WebGL creation failed: 
* WebglAllowWindowsNativeGl:false restricts context creation on this system.
* Exhausted GL driver options.
1610531197493	geckodriver	INFO	Listening on 127.0.0.1:54433
1610531197496	mozrunner::runner	INFO	Running command: "/usr/bin/firefox" "--marionette" "-foreground" "-no-remote" "-profile" "/tmp/rust_mozprofilegrsyRL"
console.warn: SearchSettings: "get: No settings file exists, new profile?" (new Error("", "(unknown module)"))
1610531199079	Marionette	INFO	Listening on port 45511
1610531199134	Marionette	WARN	TLS certificate errors will be ignored for this session
JavaScript warning: https://www.redditstatic.com/reddit-init.en.GupZl5j-nnU.js, line 8: WebGL warning: <Create>: WebglAllowWindowsNativeGl:false restricts context creation on this system.
JavaScript warning: https://www.redditstatic.com/reddit-init.en.GupZl5j-nnU.js, line 8: Failed to create WebGL context: WebGL creation failed: 
* WebglAllowWindowsNativeGl:false restricts context creation on this system.
* Exhausted GL driver options.
JavaScript warning: https://www.redditstatic.com/reddit-init.en.GupZl5j-nnU.js, line 8: WebGL warning: <Create>: WebglAllowWindowsNativeGl:false restricts context creation on this system.
JavaScript warning: https://www.redditstatic.com/reddit-init.en.GupZl5j-nnU.js, line 8: Failed to create WebGL context: WebGL creation failed: 
* WebglAllowWindowsNativeGl:false restricts context creation on this system.
* Exhausted GL driver options.
1610531207483	Marionette	INFO	Stopped listening on port 45511
1610531211784	geckodriver	INFO	Listening on 127.0.0.1:51549
1610531211787	mozrunner::runner	INFO	Running command: "/usr/bin/firefox" "--marionette" "-foreground" "-no-remote" "-profile" "/tmp/rust_mozprofilefrqhDr"
console.warn: SearchSettings: "get: No settings file exists, new profile?" (new Error("", "(unknown module)"))
1610531213323	Marionette	INFO	Listening on port 34163
1610531213406	Marionette	WARN	TLS certificate errors will be ignored for this session
JavaScript warning: https://www.redditstatic.com/reddit-init.en.GupZl5j-nnU.js, line 8: WebGL warning: <Create>: WebglAllowWindowsNativeGl:false restricts context creation on this system.
JavaScript warning: https://www.redditstatic.com/reddit-init.en.GupZl5j-nnU.js, line 8: Failed to create WebGL context: WebGL creation failed: 
* WebglAllowWindowsNativeGl:false restricts context creation on this system.
* Exhausted GL driver options.
JavaScript warning: https://www.redditstatic.com/reddit-init.en.GupZl5j-nnU.js, line 8: WebGL warning: <Create>: WebglAllowWindowsNativeGl:false restricts context creation on this system.
JavaScript warning: https://www.redditstatic.com/reddit-init.en.GupZl5j-nnU.js, line 8: Failed to create WebGL context: WebGL creation failed: 
* WebglAllowWindowsNativeGl:false restricts context creation on this system.
* Exhausted GL driver options.
1610531221119	Marionette	INFO	Stopped listening on port 34163

###!!! [Parent][RunMessage] Error: Channel closing: too late to send/recv, messages will be lost

1610531227835	geckodriver	INFO	Listening on 127.0.0.1:46183
1610531227838	mozrunner::runner	INFO	Running command: "/usr/bin/firefox" "--marionette" "-foreground" "-no-remote" "-profile" "/tmp/rust_mozprofile0U43Yr"
console.warn: SearchSettings: "get: No settings file exists, new profile?" (new Error("", "(unknown module)"))
1610531229303	Marionette	INFO	Listening on port 34871
1610531229356	Marionette	WARN	TLS certificate errors will be ignored for this session
JavaScript warning: https://www.redditstatic.com/reddit-init.en.GupZl5j-nnU.js, line 8: WebGL warning: <Create>: WebglAllowWindowsNativeGl:false restricts context creation on this system.
JavaScript warning: https://www.redditstatic.com/reddit-init.en.GupZl5j-nnU.js, line 8: Failed to create WebGL context: WebGL creation failed: 
* WebglAllowWindowsNativeGl:false restricts context creation on this system.
* Exhausted GL driver options.
JavaScript warning: https://www.redditstatic.com/reddit-init.en.GupZl5j-nnU.js, line 8: WebGL warning: <Create>: WebglAllowWindowsNativeGl:false restricts context creation on this system.
JavaScript warning: https://www.redditstatic.com/reddit-init.en.GupZl5j-nnU.js, line 8: Failed to create WebGL context: WebGL creation failed: 
* WebglAllowWindowsNativeGl:false restricts context creation on this system.
* Exhausted GL driver options.
1610531237313	Marionette	INFO	Stopped listening on port 34871
1610531363212	geckodriver	INFO	Listening on 127.0.0.1:59403
1610531363215	mozrunner::runner	INFO	Running command: "/usr/bin/firefox" "--marionette" "-foreground" "-no-remote" "-profile" "/tmp/rust_mozprofileCJALtp"
console.warn: SearchSettings: "get: No settings file exists, new profile?" (new Error("", "(unknown module)"))
1610531364782	Marionette	INFO	Listening on port 41505
1610531364871	Marionette	WARN	TLS certificate errors will be ignored for this session
JavaScript warning: https://www.redditstatic.com/reddit-init.en.GupZl5j-nnU.js, line 8: WebGL warning: <Create>: WebglAllowWindowsNativeGl:false restricts context creation on this system.
JavaScript warning: https://www.redditstatic.com/reddit-init.en.GupZl5j-nnU.js, line 8: Failed to create WebGL context: WebGL creation failed: 
* WebglAllowWindowsNativeGl:false restricts context creation on this system.
* Exhausted GL driver options.
JavaScript warning: https://www.redditstatic.com/reddit-init.en.GupZl5j-nnU.js, line 8: WebGL warning: <Create>: WebglAllowWindowsNativeGl:false restricts context creation on this system.
JavaScript warning: https://www.redditstatic.com/reddit-init.en.GupZl5j-nnU.js, line 8: Failed to create WebGL context: WebGL creation failed: 
* WebglAllowWindowsNativeGl:false restricts context creation on this system.
* Exhausted GL driver options.
1610531369491	Marionette	INFO	Stopped listening on port 43987
1610531381218	Marionette	INFO	Stopped listening on port 41505
1610531400839	geckodriver	INFO	Listening on 127.0.0.1:53457
1610531400842	mozrunner::runner	INFO	Running command: "/usr/bin/firefox" "--marionette" "-foreground" "-no-remote" "-profile" "/tmp/rust_mozprofiletQUYOW"
console.warn: SearchSettings: "get: No settings file exists, new profile?" (new Error("", "(unknown module)"))
1610531402209	Marionette	INFO	Listening on port 34625
1610531402262	Marionette	WARN	TLS certificate errors will be ignored for this session
JavaScript warning: https://www.redditstatic.com/reddit-init.en.GupZl5j-nnU.js, line 8: WebGL warning: <Create>: WebglAllowWindowsNativeGl:false restricts context creation on this system.
JavaScript warning: https://www.redditstatic.com/reddit-init.en.GupZl5j-nnU.js, line 8: Failed to create WebGL context: WebGL creation failed: 
* WebglAllowWindowsNativeGl:false restricts context creation on this system.
* Exhausted GL driver options.
JavaScript warning: https://www.redditstatic.com/reddit-init.en.GupZl5j-nnU.js, line 8: WebGL warning: <Create>: WebglAllowWindowsNativeGl:false restricts context creation on this system.
JavaScript warning: https://www.redditstatic.com/reddit-init.en.GupZl5j-nnU.js, line 8: Failed to create WebGL context: WebGL creation failed: 
* WebglAllowWindowsNativeGl:false restricts context creation on this system.
* Exhausted GL driver options.
1610531410356	Marionette	INFO	Stopped listening on port 34625
1610531486865	geckodriver	INFO	Listening on 127.0.0.1:55239
1610531486868	mozrunner::runner	INFO	Running command: "/usr/bin/firefox" "--marionette" "-foreground" "-no-remote" "-profile" "/tmp/rust_mozprofilebd6f9k"
console.warn: SearchSettings: "get: No settings file exists, new profile?" (new Error("", "(unknown module)"))
1610531488239	Marionette	INFO	Listening on port 43719
1610531488284	Marionette	WARN	TLS certificate errors will be ignored for this session
JavaScript warning: https://www.redditstatic.com/reddit-init.en.GupZl5j-nnU.js, line 8: WebGL warning: <Create>: WebglAllowWindowsNativeGl:false restricts context creation on this system.
JavaScript warning: https://www.redditstatic.com/reddit-init.en.GupZl5j-nnU.js, line 8: Failed to create WebGL context: WebGL creation failed: 
* WebglAllowWindowsNativeGl:false restricts context creation on this system.
* Exhausted GL driver options.
JavaScript warning: https://www.redditstatic.com/reddit-init.en.GupZl5j-nnU.js, line 8: WebGL warning: <Create>: WebglAllowWindowsNativeGl:false restricts context creation on this system.
JavaScript warning: https://www.redditstatic.com/reddit-init.en.GupZl5j-nnU.js, line 8: Failed to create WebGL context: WebGL creation failed: 
* WebglAllowWindowsNativeGl:false restricts context creation on this system.
* Exhausted GL driver options.
1610531497314	Marionette	INFO	Stopped listening on port 43719
1610531509862	geckodriver	INFO	Listening on 127.0.0.1:36905
1610531509865	mozrunner::runner	INFO	Running command: "/usr/bin/firefox" "--marionette" "-foreground" "-no-remote" "-profile" "/tmp/rust_mozprofilef3D8cA"
console.warn: SearchSettings: "get: No settings file exists, new profile?" (new Error("", "(unknown module)"))
1610531511389	Marionette	INFO	Listening on port 39697
1610531511516	Marionette	WARN	TLS certificate errors will be ignored for this session
JavaScript warning: https://www.redditstatic.com/reddit-init.en.GupZl5j-nnU.js, line 8: WebGL warning: <Create>: WebglAllowWindowsNativeGl:false restricts context creation on this system.
JavaScript warning: https://www.redditstatic.com/reddit-init.en.GupZl5j-nnU.js, line 8: Failed to create WebGL context: WebGL creation failed: 
* WebglAllowWindowsNativeGl:false restricts context creation on this system.
* Exhausted GL driver options.
JavaScript warning: https://www.redditstatic.com/reddit-init.en.GupZl5j-nnU.js, line 8: WebGL warning: <Create>: WebglAllowWindowsNativeGl:false restricts context creation on this system.
JavaScript warning: https://www.redditstatic.com/reddit-init.en.GupZl5j-nnU.js, line 8: Failed to create WebGL context: WebGL creation failed: 
* WebglAllowWindowsNativeGl:false restricts context creation on this system.
* Exhausted GL driver options.
1610531521208	Marionette	INFO	Stopped listening on port 39697
1610531556351	geckodriver	INFO	Listening on 127.0.0.1:46071
1610531556354	mozrunner::runner	INFO	Running command: "/usr/bin/firefox" "--marionette" "-foreground" "-no-remote" "-profile" "/tmp/rust_mozprofileNqRIsI"
console.warn: SearchSettings: "get: No settings file exists, new profile?" (new Error("", "(unknown module)"))
1610531557784	Marionette	INFO	Listening on port 34623
1610531557875	Marionette	WARN	TLS certificate errors will be ignored for this session
JavaScript warning: https://www.redditstatic.com/reddit-init.en.GupZl5j-nnU.js, line 8: WebGL warning: <Create>: WebglAllowWindowsNativeGl:false restricts context creation on this system.
JavaScript warning: https://www.redditstatic.com/reddit-init.en.GupZl5j-nnU.js, line 8: Failed to create WebGL context: WebGL creation failed: 
* WebglAllowWindowsNativeGl:false restricts context creation on this system.
* Exhausted GL driver options.
JavaScript warning: https://www.redditstatic.com/reddit-init.en.GupZl5j-nnU.js, line 8: WebGL warning: <Create>: WebglAllowWindowsNativeGl:false restricts context creation on this system.
JavaScript warning: https://www.redditstatic.com/reddit-init.en.GupZl5j-nnU.js, line 8: Failed to create WebGL context: WebGL creation failed: 
* WebglAllowWindowsNativeGl:false restricts context creation on this system.
* Exhausted GL driver options.
1610531566693	Marionette	INFO	Stopped listening on port 34623
1610531628023	geckodriver	INFO	Listening on 127.0.0.1:53767
1610531628026	mozrunner::runner	INFO	Running command: "/usr/bin/firefox" "--marionette" "-foreground" "-no-remote" "-profile" "/tmp/rust_mozprofilesk4Q0d"
console.warn: SearchSettings: "get: No settings file exists, new profile?" (new Error("", "(unknown module)"))
1610531629605	Marionette	INFO	Listening on port 38275
1610531629661	Marionette	WARN	TLS certificate errors will be ignored for this session
JavaScript warning: https://www.redditstatic.com/reddit-init.en.GupZl5j-nnU.js, line 8: WebGL warning: <Create>: WebglAllowWindowsNativeGl:false restricts context creation on this system.
JavaScript warning: https://www.redditstatic.com/reddit-init.en.GupZl5j-nnU.js, line 8: Failed to create WebGL context: WebGL creation failed: 
* WebglAllowWindowsNativeGl:false restricts context creation on this system.
* Exhausted GL driver options.
JavaScript warning: https://www.redditstatic.com/reddit-init.en.GupZl5j-nnU.js, line 8: WebGL warning: <Create>: WebglAllowWindowsNativeGl:false restricts context creation on this system.
JavaScript warning: https://www.redditstatic.com/reddit-init.en.GupZl5j-nnU.js, line 8: Failed to create WebGL context: WebGL creation failed: 
* WebglAllowWindowsNativeGl:false restricts context creation on this system.
* Exhausted GL driver options.
1610531637828	Marionette	INFO	Stopped listening on port 38275
1610531726464	geckodriver	INFO	Listening on 127.0.0.1:54081
1610531726467	mozrunner::runner	INFO	Running command: "/usr/bin/firefox" "--marionette" "-foreground" "-no-remote" "-profile" "/tmp/rust_mozprofilei4Um0y"
console.warn: SearchSettings: "get: No settings file exists, new profile?" (new Error("", "(unknown module)"))
1610531727882	Marionette	INFO	Listening on port 43113
1610531727992	Marionette	WARN	TLS certificate errors will be ignored for this session
JavaScript warning: https://www.redditstatic.com/reddit-init.en.GupZl5j-nnU.js, line 8: WebGL warning: <Create>: WebglAllowWindowsNativeGl:false restricts context creation on this system.
JavaScript warning: https://www.redditstatic.com/reddit-init.en.GupZl5j-nnU.js, line 8: Failed to create WebGL context: WebGL creation failed: 
* WebglAllowWindowsNativeGl:false restricts context creation on this system.
* Exhausted GL driver options.
JavaScript warning: https://www.redditstatic.com/reddit-init.en.GupZl5j-nnU.js, line 8: WebGL warning: <Create>: WebglAllowWindowsNativeGl:false restricts context creation on this system.
JavaScript warning: https://www.redditstatic.com/reddit-init.en.GupZl5j-nnU.js, line 8: Failed to create WebGL context: WebGL creation failed: 
* WebglAllowWindowsNativeGl:false restricts context creation on this system.
* Exhausted GL driver options.
1610531736661	Marionette	INFO	Stopped listening on port 43113
1610531843329	geckodriver	INFO	Listening on 127.0.0.1:49779
1610531843332	mozrunner::runner	INFO	Running command: "/usr/bin/firefox" "--marionette" "-foreground" "-no-remote" "-profile" "/tmp/rust_mozprofilecdE1ez"
console.warn: SearchSettings: "get: No settings file exists, new profile?" (new Error("", "(unknown module)"))
1610531844752	Marionette	INFO	Listening on port 39569
1610531844888	Marionette	WARN	TLS certificate errors will be ignored for this session
JavaScript warning: https://www.redditstatic.com/reddit-init.en.GupZl5j-nnU.js, line 8: WebGL warning: <Create>: WebglAllowWindowsNativeGl:false restricts context creation on this system.
JavaScript warning: https://www.redditstatic.com/reddit-init.en.GupZl5j-nnU.js, line 8: Failed to create WebGL context: WebGL creation failed: 
* WebglAllowWindowsNativeGl:false restricts context creation on this system.
* Exhausted GL driver options.
JavaScript warning: https://www.redditstatic.com/reddit-init.en.GupZl5j-nnU.js, line 8: WebGL warning: <Create>: WebglAllowWindowsNativeGl:false restricts context creation on this system.
JavaScript warning: https://www.redditstatic.com/reddit-init.en.GupZl5j-nnU.js, line 8: Failed to create WebGL context: WebGL creation failed: 
* WebglAllowWindowsNativeGl:false restricts context creation on this system.
* Exhausted GL driver options.
Exiting due to channel error.
Exiting due to channel error.
Exiting due to channel error.
1610531913366	geckodriver	INFO	Listening on 127.0.0.1:35745
1610531913369	mozrunner::runner	INFO	Running command: "/usr/bin/firefox" "--marionette" "-foreground" "-no-remote" "-profile" "/tmp/rust_mozprofileLcKSn6"
console.warn: SearchSettings: "get: No settings file exists, new profile?" (new Error("", "(unknown module)"))
1610531914809	Marionette	INFO	Listening on port 42093
1610531914913	Marionette	WARN	TLS certificate errors will be ignored for this session
JavaScript warning: https://www.redditstatic.com/reddit-init.en.GupZl5j-nnU.js, line 8: WebGL warning: <Create>: WebglAllowWindowsNativeGl:false restricts context creation on this system.
JavaScript warning: https://www.redditstatic.com/reddit-init.en.GupZl5j-nnU.js, line 8: Failed to create WebGL context: WebGL creation failed: 
* WebglAllowWindowsNativeGl:false restricts context creation on this system.
* Exhausted GL driver options.
JavaScript warning: https://www.redditstatic.com/reddit-init.en.GupZl5j-nnU.js, line 8: WebGL warning: <Create>: WebglAllowWindowsNativeGl:false restricts context creation on this system.
JavaScript warning: https://www.redditstatic.com/reddit-init.en.GupZl5j-nnU.js, line 8: Failed to create WebGL context: WebGL creation failed: 
* WebglAllowWindowsNativeGl:false restricts context creation on this system.
* Exhausted GL driver options.
Exiting due to channel error.
Exiting due to channel error.
Exiting due to channel error.
1610531963675	geckodriver	INFO	Listening on 127.0.0.1:40085
1610531963678	mozrunner::runner	INFO	Running command: "/usr/bin/firefox" "--marionette" "-foreground" "-no-remote" "-profile" "/tmp/rust_mozprofileWErjiZ"
console.warn: SearchSettings: "get: No settings file exists, new profile?" (new Error("", "(unknown module)"))
1610531965144	Marionette	INFO	Listening on port 44427
1610531965198	Marionette	WARN	TLS certificate errors will be ignored for this session
JavaScript warning: https://www.redditstatic.com/reddit-init.en.GupZl5j-nnU.js, line 8: WebGL warning: <Create>: WebglAllowWindowsNativeGl:false restricts context creation on this system.
JavaScript warning: https://www.redditstatic.com/reddit-init.en.GupZl5j-nnU.js, line 8: Failed to create WebGL context: WebGL creation failed: 
* WebglAllowWindowsNativeGl:false restricts context creation on this system.
* Exhausted GL driver options.
JavaScript warning: https://www.redditstatic.com/reddit-init.en.GupZl5j-nnU.js, line 8: WebGL warning: <Create>: WebglAllowWindowsNativeGl:false restricts context creation on this system.
JavaScript warning: https://www.redditstatic.com/reddit-init.en.GupZl5j-nnU.js, line 8: Failed to create WebGL context: WebGL creation failed: 
* WebglAllowWindowsNativeGl:false restricts context creation on this system.
* Exhausted GL driver options.
1610532045806	Marionette	INFO	Stopped listening on port 44427
